TN:
SF:src/diff.js
FN:4,diff
FNF:1
FNH:1
FNDA:1,diff
DA:1,1
DA:2,1
DA:3,1
DA:4,1
DA:5,1
DA:6,1
DA:7,1
DA:8,1
DA:9,1
DA:10,1
DA:11,1
DA:12,1
DA:13,4
DA:14,12
DA:15,2
DA:16,2
DA:17,12
DA:18,4
DA:19,1
DA:20,1
DA:21,1
DA:22,1
DA:23,1
DA:24,4
DA:25,2
DA:26,2
DA:27,4
DA:28,1
DA:29,1
DA:30,3
DA:31,1
DA:32,1
DA:33,3
DA:34,1
DA:35,1
DA:36,1
DA:37,1
DA:38,1
DA:39,1
DA:40,1
DA:41,1
DA:42,1
DA:43,4
DA:44,2
DA:45,2
DA:46,2
DA:47,4
DA:48,1
DA:49,1
DA:50,2
DA:51,1
DA:52,1
DA:53,1
DA:54,1
DA:55,1
DA:56,1
DA:57,1
DA:58,2
DA:59,1
DA:60,1
DA:61,3
DA:62,1
DA:63,1
DA:64,3
DA:65,1
DA:66,1
DA:67,1
DA:68,1
DA:69,1
LF:69
LH:69
BRDA:4,0,0,1
BRDA:12,1,0,4
BRDA:13,2,0,12
BRDA:14,3,0,2
BRDA:23,4,0,4
BRDA:24,5,0,2
BRDA:29,6,0,3
BRDA:30,7,0,1
BRDA:42,8,0,4
BRDA:43,9,0,2
BRDA:49,10,0,2
BRDA:50,11,0,1
BRDA:60,12,0,3
BRDA:61,13,0,1
BRF:14
BRH:14
end_of_record
TN:
SF:src/index.js
FN:4,genDiff
FNF:1
FNH:1
FNDA:1,genDiff
DA:1,1
DA:2,1
DA:3,1
DA:4,1
DA:5,1
DA:6,1
DA:7,1
DA:8,1
DA:9,1
DA:10,1
DA:11,1
DA:12,1
DA:13,1
LF:13
LH:13
BRDA:4,0,0,1
BRF:1
BRH:1
end_of_record
TN:
SF:src/parser.js
FN:3,parser
FNF:1
FNH:1
FNDA:2,parser
DA:1,1
DA:2,1
DA:3,1
DA:4,1
DA:5,1
LF:5
LH:5
BRDA:3,0,0,2
BRF:1
BRH:1
end_of_record
